🧮 SLURM_ARRAY_TASK_ID=0
📦 Processing cases 0 to 0
📁 PRESET=test_2026
📊 CASES_PER_TASK=1
ℹ️ No HF token parameter provided; relying on env vars in runtime
Sat Feb 21 11:14:18 2026       
+-----------------------------------------------------------------------------------------+
| NVIDIA-SMI 580.82.07              Driver Version: 580.82.07      CUDA Version: 13.0     |
+-----------------------------------------+------------------------+----------------------+
| GPU  Name                 Persistence-M | Bus-Id          Disp.A | Volatile Uncorr. ECC |
| Fan  Temp   Perf          Pwr:Usage/Cap |           Memory-Usage | GPU-Util  Compute M. |
|                                         |                        |               MIG M. |
|=========================================+========================+======================|
|   0  NVIDIA H100 NVL                Off |   00000000:82:00.0 Off |                    0 |
| N/A   41C    P0             65W /  400W |       0MiB /  95830MiB |      0%      Default |
|                                         |                        |             Disabled |
+-----------------------------------------+------------------------+----------------------+

+-----------------------------------------------------------------------------------------+
| Processes:                                                                              |
|  GPU   GI   CI              PID   Type   Process name                        GPU Memory |
|        ID   ID                                                               Usage      |
|=========================================================================================|
|  No running processes found                                                             |
+-----------------------------------------------------------------------------------------+
🧮 start=0, end=0, num=1
📁 preset=test_2026
📄 input metadata=2026/Test/Dataset-Clean/processed_cases_en.json
📦 enhanced output dir=2026/Test/Dataset-Enhanced
💾 hf cache dir=/nesi/nobackup/uoa04665/mzak071/hf_cache
🖥️  GPU status via nvidia-smi:
GPU 0: free 94792 MiB / total 95319 MiB
|===========================================================================|
|                  PyTorch CUDA memory summary, device ID 0                 |
|---------------------------------------------------------------------------|
|            CUDA OOMs: 0            |        cudaMalloc retries: 0         |
|===========================================================================|
|        Metric         | Cur Usage  | Peak Usage | Tot Alloc  | Tot Freed  |
|---------------------------------------------------------------------------|
| Allocated memory      |      0 B   |      0 B   |      0 B   |      0 B   |
|       from large pool |      0 B   |      0 B   |      0 B   |      0 B   |
|       from small pool |      0 B   |      0 B   |      0 B   |      0 B   |
|---------------------------------------------------------------------------|
| Active memory         |      0 B   |      0 B   |      0 B   |      0 B   |
|       from large pool |      0 B   |      0 B   |      0 B   |      0 B   |
|       from small pool |      0 B   |      0 B   |      0 B   |      0 B   |
|---------------------------------------------------------------------------|
| Requested memory      |      0 B   |      0 B   |      0 B   |      0 B   |
|       from large pool |      0 B   |      0 B   |      0 B   |      0 B   |
|       from small pool |      0 B   |      0 B   |      0 B   |      0 B   |
|---------------------------------------------------------------------------|
| GPU reserved memory   |      0 B   |      0 B   |      0 B   |      0 B   |
|       from large pool |      0 B   |      0 B   |      0 B   |      0 B   |
|       from small pool |      0 B   |      0 B   |      0 B   |      0 B   |
|---------------------------------------------------------------------------|
| Non-releasable memory |      0 B   |      0 B   |      0 B   |      0 B   |
|       from large pool |      0 B   |      0 B   |      0 B   |      0 B   |
|       from small pool |      0 B   |      0 B   |      0 B   |      0 B   |
|---------------------------------------------------------------------------|
| Allocations           |       0    |       0    |       0    |       0    |
|       from large pool |       0    |       0    |       0    |       0    |
|       from small pool |       0    |       0    |       0    |       0    |
|---------------------------------------------------------------------------|
| Active allocs         |       0    |       0    |       0    |       0    |
|       from large pool |       0    |       0    |       0    |       0    |
|       from small pool |       0    |       0    |       0    |       0    |
|---------------------------------------------------------------------------|
| GPU reserved segments |       0    |       0    |       0    |       0    |
|       from large pool |       0    |       0    |       0    |       0    |
|       from small pool |       0    |       0    |       0    |       0    |
|---------------------------------------------------------------------------|
| Non-releasable allocs |       0    |       0    |       0    |       0    |
|       from large pool |       0    |       0    |       0    |       0    |
|       from small pool |       0    |       0    |       0    |       0    |
|---------------------------------------------------------------------------|
| Oversize allocations  |       0    |       0    |       0    |       0    |
|---------------------------------------------------------------------------|
| Oversize GPU segments |       0    |       0    |       0    |       0    |
|===========================================================================|

📖 Loaded 1848 case records
{0: 79959844454, 'cpu': 68719476736}
🔍 After model load, GPU memory summary:
GPU 0: NVIDIA H100 NVL
→ Free: 39776 MiB / Total: 95319 MiB
|===========================================================================|
|                  PyTorch CUDA memory summary, device ID 0                 |
|---------------------------------------------------------------------------|
|            CUDA OOMs: 0            |        cudaMalloc retries: 0         |
|===========================================================================|
|        Metric         | Cur Usage  | Peak Usage | Tot Alloc  | Tot Freed  |
|---------------------------------------------------------------------------|
| Allocated memory      |  52323 MiB |  55012 MiB | 107335 MiB |  55012 MiB |
|       from large pool |  52319 MiB |  55012 MiB | 107331 MiB |  55012 MiB |
|       from small pool |      3 MiB |      3 MiB |      3 MiB |      0 MiB |
|---------------------------------------------------------------------------|
| Active memory         |  52323 MiB |  55012 MiB | 107335 MiB |  55012 MiB |
|       from large pool |  52319 MiB |  55012 MiB | 107331 MiB |  55012 MiB |
|       from small pool |      3 MiB |      3 MiB |      3 MiB |      0 MiB |
|---------------------------------------------------------------------------|
| Requested memory      |  52323 MiB |  55011 MiB | 107335 MiB |  55011 MiB |
|       from large pool |  52319 MiB |  55011 MiB | 107331 MiB |  55011 MiB |
|       from small pool |      3 MiB |      3 MiB |      3 MiB |      0 MiB |
|---------------------------------------------------------------------------|
| GPU reserved memory   |  55016 MiB |  55016 MiB |  55016 MiB |      0 B   |
|       from large pool |  55012 MiB |  55012 MiB |  55012 MiB |      0 B   |
|       from small pool |      4 MiB |      4 MiB |      4 MiB |      0 B   |
|---------------------------------------------------------------------------|
| Non-releasable memory |   2692 MiB |  52325 MiB |  52327 MiB |  49634 MiB |
|       from large pool |   2692 MiB |  52323 MiB |  52323 MiB |  49631 MiB |
|       from small pool |      0 MiB |      1 MiB |      3 MiB |      3 MiB |
|---------------------------------------------------------------------------|
| Allocations           |    1251    |    1251    |    1252    |       1    |
|       from large pool |     600    |     600    |     601    |       1    |
|       from small pool |     651    |     651    |     651    |       0    |
|---------------------------------------------------------------------------|
| Active allocs         |    1251    |    1251    |    1252    |       1    |
|       from large pool |     600    |     600    |     601    |       1    |
|       from small pool |     651    |     651    |     651    |       0    |
|---------------------------------------------------------------------------|
| GPU reserved segments |       3    |       3    |       3    |       0    |
|       from large pool |       1    |       1    |       1    |       0    |
|       from small pool |       2    |       2    |       2    |       0    |
|---------------------------------------------------------------------------|
| Non-releasable allocs |       2    |       3    |       3    |       1    |
|       from large pool |       1    |       1    |       1    |       0    |
|       from small pool |       1    |       2    |       2    |       1    |
|---------------------------------------------------------------------------|
| Oversize allocations  |       0    |       0    |       0    |       0    |
|---------------------------------------------------------------------------|
| Oversize GPU segments |       0    |       0    |       0    |       0    |
|===========================================================================|


📍 Device map used by HuggingFace model:
{'': 0}
🆕 No previous file found — starting fresh.
🧠 Previously processed: 0 cases
2026/Test/Dataset-Enhanced/enhanced_cases_gemma-3-27b-it_start_at_index_0.json
⚠️  000065 failed: ⚠️ Skipped `key_arguments` in case `000065` due to: '\n                "Applicants"'
